/home/sangbeom_lee/anaconda3/envs/polyformer/lib/python3.7/site-packages/torch/distributed/launch.py:188: FutureWarning: The module torch.distributed.launch is deprecated
and will be removed in future. Use torchrun.
Note that --use_env is set by default in torchrun.
If your script expects `--local_rank` argument to be set, please
change it to read from `os.environ['LOCAL_RANK']` instead. See 
https://pytorch.org/docs/stable/distributed.html#launch-utility for 
further instructions

  FutureWarning,
WARNING:torch.distributed.run:
*****************************************
Setting OMP_NUM_THREADS environment variable for each process to be 1 in default, to avoid your system being overloaded, please further tune the variable for optimal performance in your application as needed. 
*****************************************
2025-01-27 21:07:30 - file_utils.py[line:39] - INFO: PyTorch version 1.13.1+cu117 available.
2025-01-27 21:07:30 - file_utils.py[line:39] - INFO: PyTorch version 1.13.1+cu117 available.
2025-01-27 21:07:32 - utils.py[line:258] - INFO: distributed init (rank 1): env://
2025-01-27 21:07:32 - utils.py[line:261] - INFO: Start init
2025-01-27 21:07:32 - distributed_c10d.py[line:319] - INFO: Added key: store_based_barrier_key:1 to store for rank: 1
2025-01-27 21:07:32 - utils.py[line:258] - INFO: distributed init (rank 0): env://
2025-01-27 21:07:32 - utils.py[line:261] - INFO: Start init
2025-01-27 21:07:32 - distributed_c10d.py[line:319] - INFO: Added key: store_based_barrier_key:1 to store for rank: 0
2025-01-27 21:07:32 - distributed_c10d.py[line:354] - INFO: Rank 0: Completed store-based barrier for key:store_based_barrier_key:1 with 2 nodes.
2025-01-27 21:07:32 - utils.py[line:274] - INFO: initialized host ailab-server-yeon as rank 0
single-machine distributed training is initialized.
2025-01-27 21:07:32 - distributed_c10d.py[line:354] - INFO: Rank 1: Completed store-based barrier for key:store_based_barrier_key:1 with 2 nodes.
2025-01-27 21:07:32 - utils.py[line:274] - INFO: initialized host ailab-server-yeon as rank 1
single-machine distributed training is initialized.
2025-01-27 21:07:33 - train.py[line:77] - INFO: {'_name': None, 'common': {'_name': None, 'no_progress_bar': False, 'log_interval': 10, 'log_format': 'simple', 'log_file': None, 'tensorboard_logdir': None, 'wandb_project': None, 'azureml_logging': False, 'seed': 1, 'cpu': False, 'tpu': False, 'bf16': False, 'memory_efficient_bf16': False, 'fp16': True, 'memory_efficient_fp16': False, 'fp16_no_flatten_grads': False, 'fp16_init_scale': 128, 'fp16_scale_window': 512, 'fp16_scale_tolerance': 0.0, 'on_cpu_convert_precision': False, 'min_loss_scale': 0.0001, 'threshold_loss_scale': None, 'amp': False, 'amp_batch_retries': 2, 'amp_init_scale': 128, 'amp_scale_window': None, 'user_dir': '../../polyformer_module', 'empty_cache_freq': 0, 'all_gather_list_size': 16384, 'model_parallel_size': 1, 'quantization_config_path': None, 'profile': False, 'reset_logging': False, 'suppress_crashes': False, 'use_plasma_view': False, 'plasma_path': '/tmp/plasma'}, 'common_eval': {'_name': None, 'path': None, 'post_process': None, 'quiet': False, 'model_overrides': '{}', 'results_path': None}, 'distributed_training': {'_name': None, 'distributed_world_size': 2, 'distributed_num_procs': 2, 'distributed_rank': 0, 'distributed_backend': 'nccl', 'distributed_init_method': 'env://', 'distributed_port': -1, 'device_id': 0, 'distributed_no_spawn': True, 'ddp_backend': 'pytorch_ddp', 'ddp_comm_hook': 'none', 'bucket_cap_mb': 25, 'fix_batches_to_gpus': False, 'find_unused_parameters': True, 'gradient_as_bucket_view': False, 'fast_stat_sync': False, 'heartbeat_timeout': -1, 'broadcast_buffers': False, 'slowmo_momentum': None, 'slowmo_algorithm': 'LocalSGD', 'localsgd_frequency': 3, 'nprocs_per_node': 2, 'pipeline_model_parallel': False, 'pipeline_balance': None, 'pipeline_devices': None, 'pipeline_chunks': 0, 'pipeline_encoder_balance': None, 'pipeline_encoder_devices': None, 'pipeline_decoder_balance': None, 'pipeline_decoder_devices': None, 'pipeline_checkpoint': 'never', 'zero_sharding': 'none', 'fp16': True, 'memory_efficient_fp16': False, 'tpu': False, 'no_reshard_after_forward': False, 'fp32_reduce_scatter': False, 'cpu_offload': False, 'use_sharded_state': False}, 'dataset': {'_name': None, 'num_workers': 0, 'skip_invalid_size_inputs_valid_test': False, 'max_tokens': None, 'batch_size': 8, 'required_batch_size_multiple': 8, 'required_seq_len_multiple': 1, 'dataset_impl': None, 'data_buffer_size': 10, 'train_subset': 'train', 'valid_subset': 'valid', 'combine_valid_subsets': None, 'ignore_unused_valid_subsets': False, 'validate_interval': 1, 'validate_interval_updates': 500, 'validate_after_updates': 0, 'fixed_validation_seed': 7, 'disable_validation': False, 'max_tokens_valid': None, 'batch_size_valid': 8, 'max_valid_steps': None, 'curriculum': 0, 'gen_subset': 'test', 'num_shards': 1, 'shard_id': 0}, 'optimization': {'_name': None, 'max_epoch': 100, 'max_update': 0, 'stop_time_hours': 0.0, 'clip_norm': 1.0, 'sentence_avg': False, 'update_freq': [8], 'lr': [5e-05], 'stop_min_lr': -1.0, 'use_bmuf': False}, 'checkpoint': {'_name': None, 'save_dir': './polyformer_b_aihub_manufact_80_uniq_checkpoints/100_5e-5_512', 'restore_file': '../finetune/polyformer_b_aihub_manufact_80_uniq_logs/checkpoint_best.pt', 'finetune_from_model': None, 'reset_dataloader': True, 'reset_lr_scheduler': False, 'reset_meters': True, 'reset_optimizer': True, 'optimizer_overrides': '{}', 'save_interval': 1, 'save_interval_updates': 500, 'keep_interval_updates': -1, 'keep_interval_updates_pattern': -1, 'keep_last_epochs': -1, 'keep_best_checkpoints': 1, 'no_save': False, 'no_epoch_checkpoints': True, 'no_last_checkpoints': False, 'no_save_optimizer_state': False, 'best_checkpoint_metric': 'score', 'maximize_best_checkpoint_metric': True, 'patience': -1, 'checkpoint_suffix': '', 'checkpoint_shard_count': 1, 'load_checkpoint_on_all_dp_ranks': False, 'write_checkpoints_asynchronously': False, 'model_parallel_size': 1, 'use_ema_weights_to_init_param': False, 'use_latest_weights_to_init_ema': False}, 'bmuf': {'_name': None, 'block_lr': 1.0, 'block_momentum': 0.875, 'global_sync_iter': 50, 'warmup_iterations': 500, 'use_nbm': False, 'average_sync': False, 'distributed_world_size': 2}, 'generation': {'_name': None, 'beam': 5, 'nbest': 1, 'max_len_a': 0.0, 'max_len_b': 200, 'min_len': 1, 'match_source_len': False, 'unnormalized': False, 'no_early_stop': False, 'no_beamable_mm': False, 'lenpen': 1.0, 'unkpen': 0.0, 'replace_unk': None, 'sacrebleu': False, 'score_reference': False, 'prefix_size': 0, 'no_repeat_ngram_size': 0, 'sampling': False, 'sampling_topk': -1, 'sampling_topp': -1.0, 'constraints': None, 'temperature': 1.0, 'diverse_beam_groups': -1, 'diverse_beam_strength': 0.5, 'diversity_rate': -1.0, 'print_alignment': None, 'print_step': False, 'lm_path': None, 'lm_weight': 0.0, 'iter_decode_eos_penalty': 0.0, 'iter_decode_max_iter': 10, 'iter_decode_force_max_iter': False, 'iter_decode_with_beam': 1, 'iter_decode_with_external_reranker': False, 'retain_iter_history': False, 'retain_dropout': False, 'retain_dropout_modules': None, 'decoding_format': None, 'no_seed_provided': False}, 'eval_lm': {'_name': None, 'output_word_probs': False, 'output_word_stats': False, 'context_window': 0, 'softmax_batch': 9223372036854775807}, 'interactive': {'_name': None, 'buffer_size': 0, 'input': '-'}, 'model': Namespace(_name='polyformer_b', activation_fn='gelu', adam_betas='(0.9,0.999)', adam_eps=1e-08, adaptive_softmax_cutoff=None, adaptive_softmax_dropout=0, add_type_embedding=True, all_gather_list_size=16384, amp=False, amp_batch_retries=2, amp_init_scale=128, amp_scale_window=None, arch='polyformer_b', attention_dropout=0.0, attn_scale_factor=2, azureml_logging=False, batch_size=8, batch_size_valid=8, best_checkpoint_metric='score', bf16=False, bpe=None, bpe_dir='../../utils/BPE', broadcast_buffers=False, bucket_cap_mb=25, checkpoint_shard_count=1, checkpoint_suffix='', clip_norm=1.0, cls_weight=0.0005, code_dict_size=8192, code_image_size=128, code_layernorm_embedding=True, combine_valid_subsets=None, constraint_range=None, cpu=False, cpu_offload=False, criterion='adjust_label_smoothed_cross_entropy', cross_self_attention=False, curriculum=0, data='../../datasets/finetune/aihub_manufact/aihub_manufact_train.tsv,../../datasets/finetune/aihub_manufact/aihub_manufact_val.tsv', data_buffer_size=10, dataset_impl=None, ddp_backend='pytorch_ddp', ddp_comm_hook='none', decoder_attention_heads=12, decoder_drop_path_rate=0.1, decoder_embed_dim=768, decoder_embed_path=None, decoder_ffn_embed_dim=3072, decoder_input_dim=768, decoder_layerdrop=0, decoder_layers=6, decoder_layers_to_keep=None, decoder_learned_pos=True, decoder_normalize_before=True, decoder_output_dim=768, det_weight=0.1, device_id=0, disable_entangle=True, disable_validation=False, distributed_backend='nccl', distributed_init_method=None, distributed_no_spawn=False, distributed_num_procs=2, distributed_port=-1, distributed_rank=0, distributed_world_size=2, drop_worst_after=0, drop_worst_ratio=0.0, dropout=0.1, ema_decay=0.9999, ema_fp32=False, ema_seed_model=None, ema_start_update=0, ema_update_freq=1, empty_cache_freq=0, encoder_attention_heads=12, encoder_drop_path_rate=0.1, encoder_embed_dim=768, encoder_embed_path=None, encoder_ffn_embed_dim=3072, encoder_layerdrop=0, encoder_layers=6, encoder_layers_to_keep=None, encoder_learned_pos=True, encoder_normalize_before=True, end_learning_rate=0.0, entangle_position_embedding=False, eos=2, eval_acc=True, eval_args='{"beam":5,"min_len":2,"max_len_a":0,"max_len_b":2}', eval_print_samples=False, fast_stat_sync=False, find_unused_parameters=True, finetune_from_model=None, fix_batches_to_gpus=False, fixed_validation_seed=7, force_anneal=None, fp16=True, fp16_adam_stats=False, fp16_init_scale=128, fp16_no_flatten_grads=False, fp16_scale_tolerance=0.0, fp16_scale_window=512, fp32_reduce_scatter=False, freeze_decoder_embedding=False, freeze_encoder_embedding=False, gen_subset='test', gradient_as_bucket_view=False, heartbeat_timeout=-1, ignore_eos=False, ignore_prefix_size=0, ignore_unused_valid_subsets=False, image_bucket_size=42, imagenet_default_mean_and_std=False, keep_best_checkpoints=1, keep_interval_updates=-1, keep_interval_updates_pattern=-1, keep_last_epochs=-1, label_smoothing=0.1, layernorm_embedding=True, load_checkpoint_on_all_dp_ranks=False, localsgd_frequency=3, log_file=None, log_format='simple', log_interval=10, lr=[5e-05], lr_scheduler='polynomial_decay', max_epoch=100, max_image_size=512, max_source_positions=1024, max_src_length=80, max_target_positions=1024, max_tgt_length=420, max_tokens=None, max_tokens_valid=None, max_update=0, max_valid_steps=None, maximize_best_checkpoint_metric=True, memory_efficient_bf16=False, memory_efficient_fp16=False, min_loss_scale=0.0001, min_params_to_wrap=100000000, model_parallel_size=1, no_cross_attention=False, no_epoch_checkpoints=True, no_last_checkpoints=False, no_progress_bar=False, no_reshard_after_forward=False, no_save=False, no_save_optimizer_state=False, no_scale_embedding=True, no_seed_provided=False, no_token_positional_embeddings=False, nprocs_per_node=2, num_bins=64, num_shards=1, num_workers=0, on_cpu_convert_precision=False, optimizer='adam', optimizer_overrides='{}', out_index=3, pad=1, patch_image_size=512, patch_layernorm_embedding=True, patience=-1, pipeline_balance=None, pipeline_checkpoint='never', pipeline_chunks=0, pipeline_decoder_balance=None, pipeline_decoder_devices=None, pipeline_devices=None, pipeline_encoder_balance=None, pipeline_encoder_devices=None, pipeline_model_parallel=False, plasma_path='/tmp/plasma', pooler_activation_fn='tanh', pooler_classifier='mlp', pooler_dropout=0.0, power=1.0, profile=False, quant_noise_pq=0, quant_noise_pq_block_size=8, quant_noise_scalar=0, quantization_config_path=None, reg_alpha=1.0, relu_dropout=0.0, report_accuracy=False, required_batch_size_multiple=8, required_seq_len_multiple=1, reset_dataloader=True, reset_logging=False, reset_lr_scheduler=False, reset_meters=True, reset_optimizer=True, resnet_drop_path_rate=0.0, restore_file='../finetune/polyformer_b_aihub_manufact_80_uniq_logs/checkpoint_best.pt', sample_patch_num=196, save_dir='./polyformer_b_aihub_manufact_80_uniq_checkpoints/100_5e-5_512', save_interval=1, save_interval_updates=500, scale_attn=True, scale_fc=True, scale_heads=True, scale_resids=False, scoring='bleu', scst=False, scst_args='{}', seed=1, selected_cols='0,5,6,2,4,3,7', sentence_avg=False, shard_id=0, share_all_embeddings=True, share_decoder_input_output_embed=True, simul_type=None, skip_invalid_size_inputs_valid_test=False, slowmo_algorithm='LocalSGD', slowmo_momentum=None, stop_min_lr=-1.0, stop_time_hours=0, store_ema=False, suppress_crashes=False, sync_bn=False, task='refcoco', tensorboard_logdir=None, threshold_loss_scale=None, token_bucket_size=256, tokenizer=None, total_num_update=1000000, tpu=False, train_subset='train', unk=3, update_freq=[8], use_bmuf=False, use_ema_weights_to_init_param=False, use_latest_weights_to_init_ema=False, use_old_adam=False, use_plasma_view=False, use_rdrop=False, use_sharded_state=False, user_dir='../../polyformer_module', uses_ema=False, valid_subset='valid', validate_after_updates=0, validate_interval=1, validate_interval_updates=500, vis_encoder_type='swin-base', wandb_project=None, warmup_ratio=0.06, warmup_updates=0, weight_decay=0.01, write_checkpoints_asynchronously=False, zero_sharding='none'), 'task': {'_name': 'refcoco', 'data': '../../datasets/finetune/aihub_manufact/aihub_manufact_train.tsv,../../datasets/finetune/aihub_manufact/aihub_manufact_val.tsv', 'selected_cols': '0,5,6,2,4,3,7', 'bpe_dir': '../../utils/BPE', 'max_source_positions': 1024, 'max_target_positions': 1024, 'max_src_length': 80, 'max_tgt_length': 420, 'code_dict_size': 8192, 'patch_image_size': 512, 'num_bins': 64, 'imagenet_default_mean_and_std': False, 'constraint_range': None, 'eval_acc': True, 'eval_args': '{"beam":5,"min_len":2,"max_len_a":0,"max_len_b":2}', 'uses_ema': False, 'eval_print_samples': False, 'max_image_size': 512, 'scst': False, 'scst_args': '{}'}, 'criterion': {'_name': 'adjust_label_smoothed_cross_entropy', 'label_smoothing': 0.1, 'report_accuracy': False, 'det_weight': 0.1, 'cls_weight': 0.0005, 'ignore_prefix_size': 0, 'ignore_eos': False, 'sentence_avg': False, 'drop_worst_ratio': 0.0, 'drop_worst_after': 0, 'use_rdrop': False, 'reg_alpha': 1.0, 'sample_patch_num': 196, 'constraint_range': None}, 'optimizer': {'_name': 'adam', 'adam_betas': '(0.9,0.999)', 'adam_eps': 1e-08, 'weight_decay': 0.01, 'use_old_adam': False, 'fp16_adam_stats': False, 'tpu': False, 'lr': [5e-05]}, 'lr_scheduler': {'_name': 'polynomial_decay', 'warmup_updates': 0, 'warmup_ratio': 0.06, 'force_anneal': None, 'end_learning_rate': 0.0, 'power': 1.0, 'total_num_update': 1000000.0, 'lr': [5e-05]}, 'scoring': {'_name': 'bleu', 'pad': 1, 'eos': 2, 'unk': 3}, 'bpe': None, 'tokenizer': None, 'ema': {'_name': None, 'store_ema': False, 'ema_decay': 0.9999, 'ema_start_update': 0, 'ema_seed_model': None, 'ema_update_freq': 1, 'ema_fp32': False}, 'simul_type': None}
2025-01-27 21:07:33 - base_task.py[line:187] - INFO: source dictionary: 4100 types
2025-01-27 21:07:33 - base_task.py[line:188] - INFO: target dictionary: 4100 types
/home/sangbeom_lee/anaconda3/envs/polyformer/lib/python3.7/site-packages/torch/functional.py:504: UserWarning: torch.meshgrid: in an upcoming release, it will be required to pass the indexing argument. (Triggered internally at ../aten/src/ATen/native/TensorShape.cpp:3190.)
  return _VF.meshgrid(tensors, **kwargs)  # type: ignore[attr-defined]
/home/sangbeom_lee/anaconda3/envs/polyformer/lib/python3.7/site-packages/torch/functional.py:504: UserWarning: torch.meshgrid: in an upcoming release, it will be required to pass the indexing argument. (Triggered internally at ../aten/src/ATen/native/TensorShape.cpp:3190.)
  return _VF.meshgrid(tensors, **kwargs)  # type: ignore[attr-defined]
2025-01-27 21:07:43 - train.py[line:101] - INFO: PolyFormerModel(
  (encoder): TransformerEncoder(
    (dropout_module): FairseqDropout()
    (embed_tokens): Embedding(4100, 768, padding_idx=1)
    (layernorm_embedding): LayerNorm((768,), eps=1e-05, elementwise_affine=True)
    (type_embedding): Embedding(2, 768)
    (embed_images): SwinTransformer(
      (patch_embed): PatchEmbed(
        (proj): Conv2d(3, 128, kernel_size=(4, 4), stride=(4, 4))
        (norm): LayerNorm((128,), eps=1e-05, elementwise_affine=True)
      )
      (pos_drop): Dropout(p=0.0, inplace=False)
      (layers): ModuleList(
        (0): BasicLayer(
          (blocks): ModuleList(
            (0): SwinTransformerBlock(
              (norm1): LayerNorm((128,), eps=1e-05, elementwise_affine=True)
              (attn): WindowAttention(
                (qkv): Linear(in_features=128, out_features=384, bias=True)
                (attn_drop): Dropout(p=0.0, inplace=False)
                (proj): Linear(in_features=128, out_features=128, bias=True)
                (proj_drop): Dropout(p=0.0, inplace=False)
                (softmax): Softmax(dim=-1)
              )
              (drop_path): Identity()
              (norm2): LayerNorm((128,), eps=1e-05, elementwise_affine=True)
              (mlp): Mlp(
                (fc1): Linear(in_features=128, out_features=512, bias=True)
                (act): GELU(approximate='none')
                (fc2): Linear(in_features=512, out_features=128, bias=True)
                (drop): Dropout(p=0.0, inplace=False)
              )
            )
            (1): SwinTransformerBlock(
              (norm1): LayerNorm((128,), eps=1e-05, elementwise_affine=True)
              (attn): WindowAttention(
                (qkv): Linear(in_features=128, out_features=384, bias=True)
                (attn_drop): Dropout(p=0.0, inplace=False)
                (proj): Linear(in_features=128, out_features=128, bias=True)
                (proj_drop): Dropout(p=0.0, inplace=False)
                (softmax): Softmax(dim=-1)
              )
              (drop_path): DropPath(drop_prob=0.009)
              (norm2): LayerNorm((128,), eps=1e-05, elementwise_affine=True)
              (mlp): Mlp(
                (fc1): Linear(in_features=128, out_features=512, bias=True)
                (act): GELU(approximate='none')
                (fc2): Linear(in_features=512, out_features=128, bias=True)
                (drop): Dropout(p=0.0, inplace=False)
              )
            )
          )
          (downsample): PatchMerging(
            (reduction): Linear(in_features=512, out_features=256, bias=False)
            (norm): LayerNorm((512,), eps=1e-05, elementwise_affine=True)
          )
        )
        (1): BasicLayer(
          (blocks): ModuleList(
            (0): SwinTransformerBlock(
              (norm1): LayerNorm((256,), eps=1e-05, elementwise_affine=True)
              (attn): WindowAttention(
                (qkv): Linear(in_features=256, out_features=768, bias=True)
                (attn_drop): Dropout(p=0.0, inplace=False)
                (proj): Linear(in_features=256, out_features=256, bias=True)
                (proj_drop): Dropout(p=0.0, inplace=False)
                (softmax): Softmax(dim=-1)
              )
              (drop_path): DropPath(drop_prob=0.017)
              (norm2): LayerNorm((256,), eps=1e-05, elementwise_affine=True)
              (mlp): Mlp(
                (fc1): Linear(in_features=256, out_features=1024, bias=True)
                (act): GELU(approximate='none')
                (fc2): Linear(in_features=1024, out_features=256, bias=True)
                (drop): Dropout(p=0.0, inplace=False)
              )
            )
            (1): SwinTransformerBlock(
              (norm1): LayerNorm((256,), eps=1e-05, elementwise_affine=True)
              (attn): WindowAttention(
                (qkv): Linear(in_features=256, out_features=768, bias=True)
                (attn_drop): Dropout(p=0.0, inplace=False)
                (proj): Linear(in_features=256, out_features=256, bias=True)
                (proj_drop): Dropout(p=0.0, inplace=False)
                (softmax): Softmax(dim=-1)
              )
              (drop_path): DropPath(drop_prob=0.026)
              (norm2): LayerNorm((256,), eps=1e-05, elementwise_affine=True)
              (mlp): Mlp(
                (fc1): Linear(in_features=256, out_features=1024, bias=True)
                (act): GELU(approximate='none')
                (fc2): Linear(in_features=1024, out_features=256, bias=True)
                (drop): Dropout(p=0.0, inplace=False)
              )
            )
          )
          (downsample): PatchMerging(
            (reduction): Linear(in_features=1024, out_features=512, bias=False)
            (norm): LayerNorm((1024,), eps=1e-05, elementwise_affine=True)
          )
        )
        (2): BasicLayer(
          (blocks): ModuleList(
            (0): SwinTransformerBlock(
              (norm1): LayerNorm((512,), eps=1e-05, elementwise_affine=True)
              (attn): WindowAttention(
                (qkv): Linear(in_features=512, out_features=1536, bias=True)
                (attn_drop): Dropout(p=0.0, inplace=False)
                (proj): Linear(in_features=512, out_features=512, bias=True)
                (proj_drop): Dropout(p=0.0, inplace=False)
                (softmax): Softmax(dim=-1)
              )
              (drop_path): DropPath(drop_prob=0.035)
              (norm2): LayerNorm((512,), eps=1e-05, elementwise_affine=True)
              (mlp): Mlp(
                (fc1): Linear(in_features=512, out_features=2048, bias=True)
                (act): GELU(approximate='none')
                (fc2): Linear(in_features=2048, out_features=512, bias=True)
                (drop): Dropout(p=0.0, inplace=False)
              )
            )
            (1): SwinTransformerBlock(
              (norm1): LayerNorm((512,), eps=1e-05, elementwise_affine=True)
              (attn): WindowAttention(
                (qkv): Linear(in_features=512, out_features=1536, bias=True)
                (attn_drop): Dropout(p=0.0, inplace=False)
                (proj): Linear(in_features=512, out_features=512, bias=True)
                (proj_drop): Dropout(p=0.0, inplace=False)
                (softmax): Softmax(dim=-1)
              )
              (drop_path): DropPath(drop_prob=0.043)
              (norm2): LayerNorm((512,), eps=1e-05, elementwise_affine=True)
              (mlp): Mlp(
                (fc1): Linear(in_features=512, out_features=2048, bias=True)
                (act): GELU(approximate='none')
                (fc2): Linear(in_features=2048, out_features=512, bias=True)
                (drop): Dropout(p=0.0, inplace=False)
              )
            )
            (2): SwinTransformerBlock(
              (norm1): LayerNorm((512,), eps=1e-05, elementwise_affine=True)
              (attn): WindowAttention(
                (qkv): Linear(in_features=512, out_features=1536, bias=True)
                (attn_drop): Dropout(p=0.0, inplace=False)
                (proj): Linear(in_features=512, out_features=512, bias=True)
                (proj_drop): Dropout(p=0.0, inplace=False)
                (softmax): Softmax(dim=-1)
              )
              (drop_path): DropPath(drop_prob=0.052)
              (norm2): LayerNorm((512,), eps=1e-05, elementwise_affine=True)
              (mlp): Mlp(
                (fc1): Linear(in_features=512, out_features=2048, bias=True)
                (act): GELU(approximate='none')
                (fc2): Linear(in_features=2048, out_features=512, bias=True)
                (drop): Dropout(p=0.0, inplace=False)
              )
            )
            (3): SwinTransformerBlock(
              (norm1): LayerNorm((512,), eps=1e-05, elementwise_affine=True)
              (attn): WindowAttention(
                (qkv): Linear(in_features=512, out_features=1536, bias=True)
                (attn_drop): Dropout(p=0.0, inplace=False)
                (proj): Linear(in_features=512, out_features=512, bias=True)
                (proj_drop): Dropout(p=0.0, inplace=False)
                (softmax): Softmax(dim=-1)
              )
              (drop_path): DropPath(drop_prob=0.061)
              (norm2): LayerNorm((512,), eps=1e-05, elementwise_affine=True)
              (mlp): Mlp(
                (fc1): Linear(in_features=512, out_features=2048, bias=True)
                (act): GELU(approximate='none')
                (fc2): Linear(in_features=2048, out_features=512, bias=True)
                (drop): Dropout(p=0.0, inplace=False)
              )
            )
            (4): SwinTransformerBlock(
              (norm1): LayerNorm((512,), eps=1e-05, elementwise_affine=True)
              (attn): WindowAttention(
                (qkv): Linear(in_features=512, out_features=1536, bias=True)
                (attn_drop): Dropout(p=0.0, inplace=False)
                (proj): Linear(in_features=512, out_features=512, bias=True)
                (proj_drop): Dropout(p=0.0, inplace=False)
                (softmax): Softmax(dim=-1)
              )
              (drop_path): DropPath(drop_prob=0.070)
              (norm2): LayerNorm((512,), eps=1e-05, elementwise_affine=True)
              (mlp): Mlp(
                (fc1): Linear(in_features=512, out_features=2048, bias=True)
                (act): GELU(approximate='none')
                (fc2): Linear(in_features=2048, out_features=512, bias=True)
                (drop): Dropout(p=0.0, inplace=False)
              )
            )
            (5): SwinTransformerBlock(
              (norm1): LayerNorm((512,), eps=1e-05, elementwise_affine=True)
              (attn): WindowAttention(
                (qkv): Linear(in_features=512, out_features=1536, bias=True)
                (attn_drop): Dropout(p=0.0, inplace=False)
                (proj): Linear(in_features=512, out_features=512, bias=True)
                (proj_drop): Dropout(p=0.0, inplace=False)
                (softmax): Softmax(dim=-1)
              )
              (drop_path): DropPath(drop_prob=0.078)
              (norm2): LayerNorm((512,), eps=1e-05, elementwise_affine=True)
              (mlp): Mlp(
                (fc1): Linear(in_features=512, out_features=2048, bias=True)
                (act): GELU(approximate='none')
                (fc2): Linear(in_features=2048, out_features=512, bias=True)
                (drop): Dropout(p=0.0, inplace=False)
              )
            )
            (6): SwinTransformerBlock(
              (norm1): LayerNorm((512,), eps=1e-05, elementwise_affine=True)
              (attn): WindowAttention(
                (qkv): Linear(in_features=512, out_features=1536, bias=True)
                (attn_drop): Dropout(p=0.0, inplace=False)
                (proj): Linear(in_features=512, out_features=512, bias=True)
                (proj_drop): Dropout(p=0.0, inplace=False)
                (softmax): Softmax(dim=-1)
              )
              (drop_path): DropPath(drop_prob=0.087)
              (norm2): LayerNorm((512,), eps=1e-05, elementwise_affine=True)
              (mlp): Mlp(
                (fc1): Linear(in_features=512, out_features=2048, bias=True)
                (act): GELU(approximate='none')
                (fc2): Linear(in_features=2048, out_features=512, bias=True)
                (drop): Dropout(p=0.0, inplace=False)
              )
            )
            (7): SwinTransformerBlock(
              (norm1): LayerNorm((512,), eps=1e-05, elementwise_affine=True)
              (attn): WindowAttention(
                (qkv): Linear(in_features=512, out_features=1536, bias=True)
                (attn_drop): Dropout(p=0.0, inplace=False)
                (proj): Linear(in_features=512, out_features=512, bias=True)
                (proj_drop): Dropout(p=0.0, inplace=False)
                (softmax): Softmax(dim=-1)
              )
              (drop_path): DropPath(drop_prob=0.096)
              (norm2): LayerNorm((512,), eps=1e-05, elementwise_affine=True)
              (mlp): Mlp(
                (fc1): Linear(in_features=512, out_features=2048, bias=True)
                (act): GELU(approximate='none')
                (fc2): Linear(in_features=2048, out_features=512, bias=True)
                (drop): Dropout(p=0.0, inplace=False)
              )
            )
            (8): SwinTransformerBlock(
              (norm1): LayerNorm((512,), eps=1e-05, elementwise_affine=True)
              (attn): WindowAttention(
                (qkv): Linear(in_features=512, out_features=1536, bias=True)
                (attn_drop): Dropout(p=0.0, inplace=False)
                (proj): Linear(in_features=512, out_features=512, bias=True)
                (proj_drop): Dropout(p=0.0, inplace=False)
                (softmax): Softmax(dim=-1)
              )
              (drop_path): DropPath(drop_prob=0.104)
              (norm2): LayerNorm((512,), eps=1e-05, elementwise_affine=True)
              (mlp): Mlp(
                (fc1): Linear(in_features=512, out_features=2048, bias=True)
                (act): GELU(approximate='none')
                (fc2): Linear(in_features=2048, out_features=512, bias=True)
                (drop): Dropout(p=0.0, inplace=False)
              )
            )
            (9): SwinTransformerBlock(
              (norm1): LayerNorm((512,), eps=1e-05, elementwise_affine=True)
              (attn): WindowAttention(
                (qkv): Linear(in_features=512, out_features=1536, bias=True)
                (attn_drop): Dropout(p=0.0, inplace=False)
                (proj): Linear(in_features=512, out_features=512, bias=True)
                (proj_drop): Dropout(p=0.0, inplace=False)
                (softmax): Softmax(dim=-1)
              )
              (drop_path): DropPath(drop_prob=0.113)
              (norm2): LayerNorm((512,), eps=1e-05, elementwise_affine=True)
              (mlp): Mlp(
                (fc1): Linear(in_features=512, out_features=2048, bias=True)
                (act): GELU(approximate='none')
                (fc2): Linear(in_features=2048, out_features=512, bias=True)
                (drop): Dropout(p=0.0, inplace=False)
              )
            )
            (10): SwinTransformerBlock(
              (norm1): LayerNorm((512,), eps=1e-05, elementwise_affine=True)
              (attn): WindowAttention(
                (qkv): Linear(in_features=512, out_features=1536, bias=True)
                (attn_drop): Dropout(p=0.0, inplace=False)
                (proj): Linear(in_features=512, out_features=512, bias=True)
                (proj_drop): Dropout(p=0.0, inplace=False)
                (softmax): Softmax(dim=-1)
              )
              (drop_path): DropPath(drop_prob=0.122)
              (norm2): LayerNorm((512,), eps=1e-05, elementwise_affine=True)
              (mlp): Mlp(
                (fc1): Linear(in_features=512, out_features=2048, bias=True)
                (act): GELU(approximate='none')
                (fc2): Linear(in_features=2048, out_features=512, bias=True)
                (drop): Dropout(p=0.0, inplace=False)
              )
            )
            (11): SwinTransformerBlock(
              (norm1): LayerNorm((512,), eps=1e-05, elementwise_affine=True)
              (attn): WindowAttention(
                (qkv): Linear(in_features=512, out_features=1536, bias=True)
                (attn_drop): Dropout(p=0.0, inplace=False)
                (proj): Linear(in_features=512, out_features=512, bias=True)
                (proj_drop): Dropout(p=0.0, inplace=False)
                (softmax): Softmax(dim=-1)
              )
              (drop_path): DropPath(drop_prob=0.130)
              (norm2): LayerNorm((512,), eps=1e-05, elementwise_affine=True)
              (mlp): Mlp(
                (fc1): Linear(in_features=512, out_features=2048, bias=True)
                (act): GELU(approximate='none')
                (fc2): Linear(in_features=2048, out_features=512, bias=True)
                (drop): Dropout(p=0.0, inplace=False)
              )
            )
            (12): SwinTransformerBlock(
              (norm1): LayerNorm((512,), eps=1e-05, elementwise_affine=True)
              (attn): WindowAttention(
                (qkv): Linear(in_features=512, out_features=1536, bias=True)
                (attn_drop): Dropout(p=0.0, inplace=False)
                (proj): Linear(in_features=512, out_features=512, bias=True)
                (proj_drop): Dropout(p=0.0, inplace=False)
                (softmax): Softmax(dim=-1)
              )
              (drop_path): DropPath(drop_prob=0.139)
              (norm2): LayerNorm((512,), eps=1e-05, elementwise_affine=True)
              (mlp): Mlp(
                (fc1): Linear(in_features=512, out_features=2048, bias=True)
                (act): GELU(approximate='none')
                (fc2): Linear(in_features=2048, out_features=512, bias=True)
                (drop): Dropout(p=0.0, inplace=False)
              )
            )
            (13): SwinTransformerBlock(
              (norm1): LayerNorm((512,), eps=1e-05, elementwise_affine=True)
              (attn): WindowAttention(
                (qkv): Linear(in_features=512, out_features=1536, bias=True)
                (attn_drop): Dropout(p=0.0, inplace=False)
                (proj): Linear(in_features=512, out_features=512, bias=True)
                (proj_drop): Dropout(p=0.0, inplace=False)
                (softmax): Softmax(dim=-1)
              )
              (drop_path): DropPath(drop_prob=0.148)
              (norm2): LayerNorm((512,), eps=1e-05, elementwise_affine=True)
              (mlp): Mlp(
                (fc1): Linear(in_features=512, out_features=2048, bias=True)
                (act): GELU(approximate='none')
                (fc2): Linear(in_features=2048, out_features=512, bias=True)
                (drop): Dropout(p=0.0, inplace=False)
              )
            )
            (14): SwinTransformerBlock(
              (norm1): LayerNorm((512,), eps=1e-05, elementwise_affine=True)
              (attn): WindowAttention(
                (qkv): Linear(in_features=512, out_features=1536, bias=True)
                (attn_drop): Dropout(p=0.0, inplace=False)
                (proj): Linear(in_features=512, out_features=512, bias=True)
                (proj_drop): Dropout(p=0.0, inplace=False)
                (softmax): Softmax(dim=-1)
              )
              (drop_path): DropPath(drop_prob=0.157)
              (norm2): LayerNorm((512,), eps=1e-05, elementwise_affine=True)
              (mlp): Mlp(
                (fc1): Linear(in_features=512, out_features=2048, bias=True)
                (act): GELU(approximate='none')
                (fc2): Linear(in_features=2048, out_features=512, bias=True)
                (drop): Dropout(p=0.0, inplace=False)
              )
            )
            (15): SwinTransformerBlock(
              (norm1): LayerNorm((512,), eps=1e-05, elementwise_affine=True)
              (attn): WindowAttention(
                (qkv): Linear(in_features=512, out_features=1536, bias=True)
                (attn_drop): Dropout(p=0.0, inplace=False)
                (proj): Linear(in_features=512, out_features=512, bias=True)
                (proj_drop): Dropout(p=0.0, inplace=False)
                (softmax): Softmax(dim=-1)
              )
              (drop_path): DropPath(drop_prob=0.165)
              (norm2): LayerNorm((512,), eps=1e-05, elementwise_affine=True)
              (mlp): Mlp(
                (fc1): Linear(in_features=512, out_features=2048, bias=True)
                (act): GELU(approximate='none')
                (fc2): Linear(in_features=2048, out_features=512, bias=True)
                (drop): Dropout(p=0.0, inplace=False)
              )
            )
            (16): SwinTransformerBlock(
              (norm1): LayerNorm((512,), eps=1e-05, elementwise_affine=True)
              (attn): WindowAttention(
                (qkv): Linear(in_features=512, out_features=1536, bias=True)
                (attn_drop): Dropout(p=0.0, inplace=False)
                (proj): Linear(in_features=512, out_features=512, bias=True)
                (proj_drop): Dropout(p=0.0, inplace=False)
                (softmax): Softmax(dim=-1)
              )
              (drop_path): DropPath(drop_prob=0.174)
              (norm2): LayerNorm((512,), eps=1e-05, elementwise_affine=True)
              (mlp): Mlp(
                (fc1): Linear(in_features=512, out_features=2048, bias=True)
                (act): GELU(approximate='none')
                (fc2): Linear(in_features=2048, out_features=512, bias=True)
                (drop): Dropout(p=0.0, inplace=False)
              )
            )
            (17): SwinTransformerBlock(
              (norm1): LayerNorm((512,), eps=1e-05, elementwise_affine=True)
              (attn): WindowAttention(
                (qkv): Linear(in_features=512, out_features=1536, bias=True)
                (attn_drop): Dropout(p=0.0, inplace=False)
                (proj): Linear(in_features=512, out_features=512, bias=True)
                (proj_drop): Dropout(p=0.0, inplace=False)
                (softmax): Softmax(dim=-1)
              )
              (drop_path): DropPath(drop_prob=0.183)
              (norm2): LayerNorm((512,), eps=1e-05, elementwise_affine=True)
              (mlp): Mlp(
                (fc1): Linear(in_features=512, out_features=2048, bias=True)
                (act): GELU(approximate='none')
                (fc2): Linear(in_features=2048, out_features=512, bias=True)
                (drop): Dropout(p=0.0, inplace=False)
              )
            )
          )
          (downsample): PatchMerging(
            (reduction): Linear(in_features=2048, out_features=1024, bias=False)
            (norm): LayerNorm((2048,), eps=1e-05, elementwise_affine=True)
          )
        )
        (3): BasicLayer(
          (blocks): ModuleList(
            (0): SwinTransformerBlock(
              (norm1): LayerNorm((1024,), eps=1e-05, elementwise_affine=True)
              (attn): WindowAttention(
                (qkv): Linear(in_features=1024, out_features=3072, bias=True)
                (attn_drop): Dropout(p=0.0, inplace=False)
                (proj): Linear(in_features=1024, out_features=1024, bias=True)
                (proj_drop): Dropout(p=0.0, inplace=False)
                (softmax): Softmax(dim=-1)
              )
              (drop_path): DropPath(drop_prob=0.191)
              (norm2): LayerNorm((1024,), eps=1e-05, elementwise_affine=True)
              (mlp): Mlp(
                (fc1): Linear(in_features=1024, out_features=4096, bias=True)
                (act): GELU(approximate='none')
                (fc2): Linear(in_features=4096, out_features=1024, bias=True)
                (drop): Dropout(p=0.0, inplace=False)
              )
            )
            (1): SwinTransformerBlock(
              (norm1): LayerNorm((1024,), eps=1e-05, elementwise_affine=True)
              (attn): WindowAttention(
                (qkv): Linear(in_features=1024, out_features=3072, bias=True)
                (attn_drop): Dropout(p=0.0, inplace=False)
                (proj): Linear(in_features=1024, out_features=1024, bias=True)
                (proj_drop): Dropout(p=0.0, inplace=False)
                (softmax): Softmax(dim=-1)
              )
              (drop_path): DropPath(drop_prob=0.200)
              (norm2): LayerNorm((1024,), eps=1e-05, elementwise_affine=True)
              (mlp): Mlp(
                (fc1): Linear(in_features=1024, out_features=4096, bias=True)
                (act): GELU(approximate='none')
                (fc2): Linear(in_features=4096, out_features=1024, bias=True)
                (drop): Dropout(p=0.0, inplace=False)
              )
            )
          )
        )
      )
      (norm3): LayerNorm((1024,), eps=1e-05, elementwise_affine=True)
    )
    (image_proj): Linear(in_features=1024, out_features=768, bias=True)
    (patch_layernorm_embedding): LayerNorm((768,), eps=1e-05, elementwise_affine=True)
    (embed_positions): Embedding(1026, 768)
    (embed_image_positions): Embedding(1765, 768)
    (pos_ln): LayerNorm((768,), eps=1e-05, elementwise_affine=True)
    (image_pos_ln): LayerNorm((768,), eps=1e-05, elementwise_affine=True)
    (pos_q_linear): Linear(in_features=768, out_features=768, bias=True)
    (pos_k_linear): Linear(in_features=768, out_features=768, bias=True)
    (layers): ModuleList(
      (0): TransformerEncoderLayer(
        (self_attn): MultiheadAttention(
          (dropout_module): FairseqDropout()
          (k_proj): Linear(in_features=768, out_features=768, bias=True)
          (v_proj): Linear(in_features=768, out_features=768, bias=True)
          (q_proj): Linear(in_features=768, out_features=768, bias=True)
          (out_proj): Linear(in_features=768, out_features=768, bias=True)
        )
        (self_attn_layer_norm): LayerNorm((768,), eps=1e-05, elementwise_affine=True)
        (dropout_module): FairseqDropout()
        (activation_dropout_module): FairseqDropout()
        (fc1): Linear(in_features=768, out_features=3072, bias=True)
        (fc2): Linear(in_features=3072, out_features=768, bias=True)
        (attn_ln): LayerNorm((768,), eps=1e-05, elementwise_affine=True)
        (ffn_layernorm): LayerNorm((3072,), eps=1e-05, elementwise_affine=True)
        (final_layer_norm): LayerNorm((768,), eps=1e-05, elementwise_affine=True)
        (drop_path): Identity()
      )
      (1): TransformerEncoderLayer(
        (self_attn): MultiheadAttention(
          (dropout_module): FairseqDropout()
          (k_proj): Linear(in_features=768, out_features=768, bias=True)
          (v_proj): Linear(in_features=768, out_features=768, bias=True)
          (q_proj): Linear(in_features=768, out_features=768, bias=True)
          (out_proj): Linear(in_features=768, out_features=768, bias=True)
        )
        (self_attn_layer_norm): LayerNorm((768,), eps=1e-05, elementwise_affine=True)
        (dropout_module): FairseqDropout()
        (activation_dropout_module): FairseqDropout()
        (fc1): Linear(in_features=768, out_features=3072, bias=True)
        (fc2): Linear(in_features=3072, out_features=768, bias=True)
        (attn_ln): LayerNorm((768,), eps=1e-05, elementwise_affine=True)
        (ffn_layernorm): LayerNorm((3072,), eps=1e-05, elementwise_affine=True)
        (final_layer_norm): LayerNorm((768,), eps=1e-05, elementwise_affine=True)
        (drop_path): DropPath(p=0.019999999552965164)
      )
      (2): TransformerEncoderLayer(
        (self_attn): MultiheadAttention(
          (dropout_module): FairseqDropout()
          (k_proj): Linear(in_features=768, out_features=768, bias=True)
          (v_proj): Linear(in_features=768, out_features=768, bias=True)
          (q_proj): Linear(in_features=768, out_features=768, bias=True)
          (out_proj): Linear(in_features=768, out_features=768, bias=True)
        )
        (self_attn_layer_norm): LayerNorm((768,), eps=1e-05, elementwise_affine=True)
        (dropout_module): FairseqDropout()
        (activation_dropout_module): FairseqDropout()
        (fc1): Linear(in_features=768, out_features=3072, bias=True)
        (fc2): Linear(in_features=3072, out_features=768, bias=True)
        (attn_ln): LayerNorm((768,), eps=1e-05, elementwise_affine=True)
        (ffn_layernorm): LayerNorm((3072,), eps=1e-05, elementwise_affine=True)
        (final_layer_norm): LayerNorm((768,), eps=1e-05, elementwise_affine=True)
        (drop_path): DropPath(p=0.03999999910593033)
      )
      (3): TransformerEncoderLayer(
        (self_attn): MultiheadAttention(
          (dropout_module): FairseqDropout()
          (k_proj): Linear(in_features=768, out_features=768, bias=True)
          (v_proj): Linear(in_features=768, out_features=768, bias=True)
          (q_proj): Linear(in_features=768, out_features=768, bias=True)
          (out_proj): Linear(in_features=768, out_features=768, bias=True)
        )
        (self_attn_layer_norm): LayerNorm((768,), eps=1e-05, elementwise_affine=True)
        (dropout_module): FairseqDropout()
        (activation_dropout_module): FairseqDropout()
        (fc1): Linear(in_features=768, out_features=3072, bias=True)
        (fc2): Linear(in_features=3072, out_features=768, bias=True)
        (attn_ln): LayerNorm((768,), eps=1e-05, elementwise_affine=True)
        (ffn_layernorm): LayerNorm((3072,), eps=1e-05, elementwise_affine=True)
        (final_layer_norm): LayerNorm((768,), eps=1e-05, elementwise_affine=True)
        (drop_path): DropPath(p=0.06000000238418579)
      )
      (4): TransformerEncoderLayer(
        (self_attn): MultiheadAttention(
          (dropout_module): FairseqDropout()
          (k_proj): Linear(in_features=768, out_features=768, bias=True)
          (v_proj): Linear(in_features=768, out_features=768, bias=True)
          (q_proj): Linear(in_features=768, out_features=768, bias=True)
          (out_proj): Linear(in_features=768, out_features=768, bias=True)
        )
        (self_attn_layer_norm): LayerNorm((768,), eps=1e-05, elementwise_affine=True)
        (dropout_module): FairseqDropout()
        (activation_dropout_module): FairseqDropout()
        (fc1): Linear(in_features=768, out_features=3072, bias=True)
        (fc2): Linear(in_features=3072, out_features=768, bias=True)
        (attn_ln): LayerNorm((768,), eps=1e-05, elementwise_affine=True)
        (ffn_layernorm): LayerNorm((3072,), eps=1e-05, elementwise_affine=True)
        (final_layer_norm): LayerNorm((768,), eps=1e-05, elementwise_affine=True)
        (drop_path): DropPath(p=0.07999999821186066)
      )
      (5): TransformerEncoderLayer(
        (self_attn): MultiheadAttention(
          (dropout_module): FairseqDropout()
          (k_proj): Linear(in_features=768, out_features=768, bias=True)
          (v_proj): Linear(in_features=768, out_features=768, bias=True)
          (q_proj): Linear(in_features=768, out_features=768, bias=True)
          (out_proj): Linear(in_features=768, out_features=768, bias=True)
        )
        (self_attn_layer_norm): LayerNorm((768,), eps=1e-05, elementwise_affine=True)
        (dropout_module): FairseqDropout()
        (activation_dropout_module): FairseqDropout()
        (fc1): Linear(in_features=768, out_features=3072, bias=True)
        (fc2): Linear(in_features=3072, out_features=768, bias=True)
        (attn_ln): LayerNorm((768,), eps=1e-05, elementwise_affine=True)
        (ffn_layernorm): LayerNorm((3072,), eps=1e-05, elementwise_affine=True)
        (final_layer_norm): LayerNorm((768,), eps=1e-05, elementwise_affine=True)
        (drop_path): DropPath(p=0.10000000149011612)
      )
    )
    (layer_norm): LayerNorm((768,), eps=1e-05, elementwise_affine=True)
    (token_rel_pos_table_list): ModuleList(
      (0): Embedding(511, 12)
      (1): Embedding(511, 12)
      (2): Embedding(511, 12)
      (3): Embedding(511, 12)
      (4): Embedding(511, 12)
      (5): Embedding(511, 12)
    )
    (image_rel_pos_table_list): ModuleList(
      (0): Embedding(6892, 12)
      (1): Embedding(6892, 12)
      (2): Embedding(6892, 12)
      (3): Embedding(6892, 12)
      (4): Embedding(6892, 12)
      (5): Embedding(6892, 12)
    )
    (bert): XLMRobertaForMaskedLM(
      (roberta): XLMRobertaModel(
        (embeddings): XLMRobertaEmbeddings(
          (word_embeddings): Embedding(250002, 768, padding_idx=1)
          (position_embeddings): Embedding(514, 768, padding_idx=1)
          (token_type_embeddings): Embedding(1, 768)
          (LayerNorm): LayerNorm((768,), eps=1e-05, elementwise_affine=True)
          (dropout): Dropout(p=0.1, inplace=False)
        )
        (encoder): XLMRobertaEncoder(
          (layer): ModuleList(
            (0): XLMRobertaLayer(
              (attention): XLMRobertaAttention(
                (self): XLMRobertaSelfAttention(
                  (query): Linear(in_features=768, out_features=768, bias=True)
                  (key): Linear(in_features=768, out_features=768, bias=True)
                  (value): Linear(in_features=768, out_features=768, bias=True)
                  (dropout): Dropout(p=0.1, inplace=False)
                )
                (output): XLMRobertaSelfOutput(
                  (dense): Linear(in_features=768, out_features=768, bias=True)
                  (LayerNorm): LayerNorm((768,), eps=1e-05, elementwise_affine=True)
                  (dropout): Dropout(p=0.1, inplace=False)
                )
              )
              (intermediate): XLMRobertaIntermediate(
                (dense): Linear(in_features=768, out_features=3072, bias=True)
                (intermediate_act_fn): GELUActivation()
              )
              (output): XLMRobertaOutput(
                (dense): Linear(in_features=3072, out_features=768, bias=True)
                (LayerNorm): LayerNorm((768,), eps=1e-05, elementwise_affine=True)
                (dropout): Dropout(p=0.1, inplace=False)
              )
            )
            (1): XLMRobertaLayer(
              (attention): XLMRobertaAttention(
                (self): XLMRobertaSelfAttention(
                  (query): Linear(in_features=768, out_features=768, bias=True)
                  (key): Linear(in_features=768, out_features=768, bias=True)
                  (value): Linear(in_features=768, out_features=768, bias=True)
                  (dropout): Dropout(p=0.1, inplace=False)
                )
                (output): XLMRobertaSelfOutput(
                  (dense): Linear(in_features=768, out_features=768, bias=True)
                  (LayerNorm): LayerNorm((768,), eps=1e-05, elementwise_affine=True)
                  (dropout): Dropout(p=0.1, inplace=False)
                )
              )
              (intermediate): XLMRobertaIntermediate(
                (dense): Linear(in_features=768, out_features=3072, bias=True)
                (intermediate_act_fn): GELUActivation()
              )
              (output): XLMRobertaOutput(
                (dense): Linear(in_features=3072, out_features=768, bias=True)
                (LayerNorm): LayerNorm((768,), eps=1e-05, elementwise_affine=True)
                (dropout): Dropout(p=0.1, inplace=False)
              )
            )
            (2): XLMRobertaLayer(
              (attention): XLMRobertaAttention(
                (self): XLMRobertaSelfAttention(
                  (query): Linear(in_features=768, out_features=768, bias=True)
                  (key): Linear(in_features=768, out_features=768, bias=True)
                  (value): Linear(in_features=768, out_features=768, bias=True)
                  (dropout): Dropout(p=0.1, inplace=False)
                )
                (output): XLMRobertaSelfOutput(
                  (dense): Linear(in_features=768, out_features=768, bias=True)
                  (LayerNorm): LayerNorm((768,), eps=1e-05, elementwise_affine=True)
                  (dropout): Dropout(p=0.1, inplace=False)
                )
              )
              (intermediate): XLMRobertaIntermediate(
                (dense): Linear(in_features=768, out_features=3072, bias=True)
                (intermediate_act_fn): GELUActivation()
              )
              (output): XLMRobertaOutput(
                (dense): Linear(in_features=3072, out_features=768, bias=True)
                (LayerNorm): LayerNorm((768,), eps=1e-05, elementwise_affine=True)
                (dropout): Dropout(p=0.1, inplace=False)
              )
            )
            (3): XLMRobertaLayer(
              (attention): XLMRobertaAttention(
                (self): XLMRobertaSelfAttention(
                  (query): Linear(in_features=768, out_features=768, bias=True)
                  (key): Linear(in_features=768, out_features=768, bias=True)
                  (value): Linear(in_features=768, out_features=768, bias=True)
                  (dropout): Dropout(p=0.1, inplace=False)
                )
                (output): XLMRobertaSelfOutput(
                  (dense): Linear(in_features=768, out_features=768, bias=True)
                  (LayerNorm): LayerNorm((768,), eps=1e-05, elementwise_affine=True)
                  (dropout): Dropout(p=0.1, inplace=False)
                )
              )
              (intermediate): XLMRobertaIntermediate(
                (dense): Linear(in_features=768, out_features=3072, bias=True)
                (intermediate_act_fn): GELUActivation()
              )
              (output): XLMRobertaOutput(
                (dense): Linear(in_features=3072, out_features=768, bias=True)
                (LayerNorm): LayerNorm((768,), eps=1e-05, elementwise_affine=True)
                (dropout): Dropout(p=0.1, inplace=False)
              )
            )
            (4): XLMRobertaLayer(
              (attention): XLMRobertaAttention(
                (self): XLMRobertaSelfAttention(
                  (query): Linear(in_features=768, out_features=768, bias=True)
                  (key): Linear(in_features=768, out_features=768, bias=True)
                  (value): Linear(in_features=768, out_features=768, bias=True)
                  (dropout): Dropout(p=0.1, inplace=False)
                )
                (output): XLMRobertaSelfOutput(
                  (dense): Linear(in_features=768, out_features=768, bias=True)
                  (LayerNorm): LayerNorm((768,), eps=1e-05, elementwise_affine=True)
                  (dropout): Dropout(p=0.1, inplace=False)
                )
              )
              (intermediate): XLMRobertaIntermediate(
                (dense): Linear(in_features=768, out_features=3072, bias=True)
                (intermediate_act_fn): GELUActivation()
              )
              (output): XLMRobertaOutput(
                (dense): Linear(in_features=3072, out_features=768, bias=True)
                (LayerNorm): LayerNorm((768,), eps=1e-05, elementwise_affine=True)
                (dropout): Dropout(p=0.1, inplace=False)
              )
            )
            (5): XLMRobertaLayer(
              (attention): XLMRobertaAttention(
                (self): XLMRobertaSelfAttention(
                  (query): Linear(in_features=768, out_features=768, bias=True)
                  (key): Linear(in_features=768, out_features=768, bias=True)
                  (value): Linear(in_features=768, out_features=768, bias=True)
                  (dropout): Dropout(p=0.1, inplace=False)
                )
                (output): XLMRobertaSelfOutput(
                  (dense): Linear(in_features=768, out_features=768, bias=True)
                  (LayerNorm): LayerNorm((768,), eps=1e-05, elementwise_affine=True)
                  (dropout): Dropout(p=0.1, inplace=False)
                )
              )
              (intermediate): XLMRobertaIntermediate(
                (dense): Linear(in_features=768, out_features=3072, bias=True)
                (intermediate_act_fn): GELUActivation()
              )
              (output): XLMRobertaOutput(
                (dense): Linear(in_features=3072, out_features=768, bias=True)
                (LayerNorm): LayerNorm((768,), eps=1e-05, elementwise_affine=True)
                (dropout): Dropout(p=0.1, inplace=False)
              )
            )
            (6): XLMRobertaLayer(
              (attention): XLMRobertaAttention(
                (self): XLMRobertaSelfAttention(
                  (query): Linear(in_features=768, out_features=768, bias=True)
                  (key): Linear(in_features=768, out_features=768, bias=True)
                  (value): Linear(in_features=768, out_features=768, bias=True)
                  (dropout): Dropout(p=0.1, inplace=False)
                )
                (output): XLMRobertaSelfOutput(
                  (dense): Linear(in_features=768, out_features=768, bias=True)
                  (LayerNorm): LayerNorm((768,), eps=1e-05, elementwise_affine=True)
                  (dropout): Dropout(p=0.1, inplace=False)
                )
              )
              (intermediate): XLMRobertaIntermediate(
                (dense): Linear(in_features=768, out_features=3072, bias=True)
                (intermediate_act_fn): GELUActivation()
              )
              (output): XLMRobertaOutput(
                (dense): Linear(in_features=3072, out_features=768, bias=True)
                (LayerNorm): LayerNorm((768,), eps=1e-05, elementwise_affine=True)
                (dropout): Dropout(p=0.1, inplace=False)
              )
            )
            (7): XLMRobertaLayer(
              (attention): XLMRobertaAttention(
                (self): XLMRobertaSelfAttention(
                  (query): Linear(in_features=768, out_features=768, bias=True)
                  (key): Linear(in_features=768, out_features=768, bias=True)
                  (value): Linear(in_features=768, out_features=768, bias=True)
                  (dropout): Dropout(p=0.1, inplace=False)
                )
                (output): XLMRobertaSelfOutput(
                  (dense): Linear(in_features=768, out_features=768, bias=True)
                  (LayerNorm): LayerNorm((768,), eps=1e-05, elementwise_affine=True)
                  (dropout): Dropout(p=0.1, inplace=False)
                )
              )
              (intermediate): XLMRobertaIntermediate(
                (dense): Linear(in_features=768, out_features=3072, bias=True)
                (intermediate_act_fn): GELUActivation()
              )
              (output): XLMRobertaOutput(
                (dense): Linear(in_features=3072, out_features=768, bias=True)
                (LayerNorm): LayerNorm((768,), eps=1e-05, elementwise_affine=True)
                (dropout): Dropout(p=0.1, inplace=False)
              )
            )
            (8): XLMRobertaLayer(
              (attention): XLMRobertaAttention(
                (self): XLMRobertaSelfAttention(
                  (query): Linear(in_features=768, out_features=768, bias=True)
                  (key): Linear(in_features=768, out_features=768, bias=True)
                  (value): Linear(in_features=768, out_features=768, bias=True)
                  (dropout): Dropout(p=0.1, inplace=False)
                )
                (output): XLMRobertaSelfOutput(
                  (dense): Linear(in_features=768, out_features=768, bias=True)
                  (LayerNorm): LayerNorm((768,), eps=1e-05, elementwise_affine=True)
                  (dropout): Dropout(p=0.1, inplace=False)
                )
              )
              (intermediate): XLMRobertaIntermediate(
                (dense): Linear(in_features=768, out_features=3072, bias=True)
                (intermediate_act_fn): GELUActivation()
              )
              (output): XLMRobertaOutput(
                (dense): Linear(in_features=3072, out_features=768, bias=True)
                (LayerNorm): LayerNorm((768,), eps=1e-05, elementwise_affine=True)
                (dropout): Dropout(p=0.1, inplace=False)
              )
            )
            (9): XLMRobertaLayer(
              (attention): XLMRobertaAttention(
                (self): XLMRobertaSelfAttention(
                  (query): Linear(in_features=768, out_features=768, bias=True)
                  (key): Linear(in_features=768, out_features=768, bias=True)
                  (value): Linear(in_features=768, out_features=768, bias=True)
                  (dropout): Dropout(p=0.1, inplace=False)
                )
                (output): XLMRobertaSelfOutput(
                  (dense): Linear(in_features=768, out_features=768, bias=True)
                  (LayerNorm): LayerNorm((768,), eps=1e-05, elementwise_affine=True)
                  (dropout): Dropout(p=0.1, inplace=False)
                )
              )
              (intermediate): XLMRobertaIntermediate(
                (dense): Linear(in_features=768, out_features=3072, bias=True)
                (intermediate_act_fn): GELUActivation()
              )
              (output): XLMRobertaOutput(
                (dense): Linear(in_features=3072, out_features=768, bias=True)
                (LayerNorm): LayerNorm((768,), eps=1e-05, elementwise_affine=True)
                (dropout): Dropout(p=0.1, inplace=False)
              )
            )
            (10): XLMRobertaLayer(
              (attention): XLMRobertaAttention(
                (self): XLMRobertaSelfAttention(
                  (query): Linear(in_features=768, out_features=768, bias=True)
                  (key): Linear(in_features=768, out_features=768, bias=True)
                  (value): Linear(in_features=768, out_features=768, bias=True)
                  (dropout): Dropout(p=0.1, inplace=False)
                )
                (output): XLMRobertaSelfOutput(
                  (dense): Linear(in_features=768, out_features=768, bias=True)
                  (LayerNorm): LayerNorm((768,), eps=1e-05, elementwise_affine=True)
                  (dropout): Dropout(p=0.1, inplace=False)
                )
              )
              (intermediate): XLMRobertaIntermediate(
                (dense): Linear(in_features=768, out_features=3072, bias=True)
                (intermediate_act_fn): GELUActivation()
              )
              (output): XLMRobertaOutput(
                (dense): Linear(in_features=3072, out_features=768, bias=True)
                (LayerNorm): LayerNorm((768,), eps=1e-05, elementwise_affine=True)
                (dropout): Dropout(p=0.1, inplace=False)
              )
            )
            (11): XLMRobertaLayer(
              (attention): XLMRobertaAttention(
                (self): XLMRobertaSelfAttention(
                  (query): Linear(in_features=768, out_features=768, bias=True)
                  (key): Linear(in_features=768, out_features=768, bias=True)
                  (value): Linear(in_features=768, out_features=768, bias=True)
                  (dropout): Dropout(p=0.1, inplace=False)
                )
                (output): XLMRobertaSelfOutput(
                  (dense): Linear(in_features=768, out_features=768, bias=True)
                  (LayerNorm): LayerNorm((768,), eps=1e-05, elementwise_affine=True)
                  (dropout): Dropout(p=0.1, inplace=False)
                )
              )
              (intermediate): XLMRobertaIntermediate(
                (dense): Linear(in_features=768, out_features=3072, bias=True)
                (intermediate_act_fn): GELUActivation()
              )
              (output): XLMRobertaOutput(
                (dense): Linear(in_features=3072, out_features=768, bias=True)
                (LayerNorm): LayerNorm((768,), eps=1e-05, elementwise_affine=True)
                (dropout): Dropout(p=0.1, inplace=False)
              )
            )
          )
        )
      )
      (lm_head): XLMRobertaLMHead(
        (dense): Linear(in_features=768, out_features=768, bias=True)
        (layer_norm): LayerNorm((768,), eps=1e-05, elementwise_affine=True)
        (decoder): Linear(in_features=768, out_features=250002, bias=True)
      )
    )
  )
  (decoder): TransformerDecoder(
    (dropout_module): FairseqDropout()
    (embed_tokens): Embedding(4100, 768, padding_idx=1)
    (layernorm_embedding): LayerNorm((768,), eps=1e-05, elementwise_affine=True)
    (embed_positions): Embedding(1026, 768)
    (embed_image_positions): Embedding(1765, 768)
    (pos_ln): LayerNorm((768,), eps=1e-05, elementwise_affine=True)
    (image_pos_ln): LayerNorm((768,), eps=1e-05, elementwise_affine=True)
    (self_pos_q_linear): Linear(in_features=768, out_features=768, bias=True)
    (self_pos_k_linear): Linear(in_features=768, out_features=768, bias=True)
    (cross_pos_q_linear): Linear(in_features=768, out_features=768, bias=True)
    (cross_pos_k_linear): Linear(in_features=768, out_features=768, bias=True)
    (code_layernorm_embedding): LayerNorm((768,), eps=1e-05, elementwise_affine=True)
    (layers): ModuleList(
      (0): TransformerDecoderLayer(
        (dropout_module): FairseqDropout()
        (self_attn): MultiheadAttention(
          (dropout_module): FairseqDropout()
          (k_proj): Linear(in_features=768, out_features=768, bias=True)
          (v_proj): Linear(in_features=768, out_features=768, bias=True)
          (q_proj): Linear(in_features=768, out_features=768, bias=True)
          (out_proj): Linear(in_features=768, out_features=768, bias=True)
        )
        (self_attn_ln): LayerNorm((768,), eps=1e-05, elementwise_affine=True)
        (cross_attn_ln): LayerNorm((768,), eps=1e-05, elementwise_affine=True)
        (activation_dropout_module): FairseqDropout()
        (self_attn_layer_norm): LayerNorm((768,), eps=1e-05, elementwise_affine=True)
        (encoder_attn): MultiheadAttention(
          (dropout_module): FairseqDropout()
          (k_proj): Linear(in_features=768, out_features=768, bias=True)
          (v_proj): Linear(in_features=768, out_features=768, bias=True)
          (q_proj): Linear(in_features=768, out_features=768, bias=True)
          (out_proj): Linear(in_features=768, out_features=768, bias=True)
        )
        (encoder_attn_layer_norm): LayerNorm((768,), eps=1e-05, elementwise_affine=True)
        (ffn_layernorm): LayerNorm((3072,), eps=1e-05, elementwise_affine=True)
        (fc1): Linear(in_features=768, out_features=3072, bias=True)
        (fc2): Linear(in_features=3072, out_features=768, bias=True)
        (final_layer_norm): LayerNorm((768,), eps=1e-05, elementwise_affine=True)
        (drop_path): Identity()
      )
      (1): TransformerDecoderLayer(
        (dropout_module): FairseqDropout()
        (self_attn): MultiheadAttention(
          (dropout_module): FairseqDropout()
          (k_proj): Linear(in_features=768, out_features=768, bias=True)
          (v_proj): Linear(in_features=768, out_features=768, bias=True)
          (q_proj): Linear(in_features=768, out_features=768, bias=True)
          (out_proj): Linear(in_features=768, out_features=768, bias=True)
        )
        (self_attn_ln): LayerNorm((768,), eps=1e-05, elementwise_affine=True)
        (cross_attn_ln): LayerNorm((768,), eps=1e-05, elementwise_affine=True)
        (activation_dropout_module): FairseqDropout()
        (self_attn_layer_norm): LayerNorm((768,), eps=1e-05, elementwise_affine=True)
        (encoder_attn): MultiheadAttention(
          (dropout_module): FairseqDropout()
          (k_proj): Linear(in_features=768, out_features=768, bias=True)
          (v_proj): Linear(in_features=768, out_features=768, bias=True)
          (q_proj): Linear(in_features=768, out_features=768, bias=True)
          (out_proj): Linear(in_features=768, out_features=768, bias=True)
        )
        (encoder_attn_layer_norm): LayerNorm((768,), eps=1e-05, elementwise_affine=True)
        (ffn_layernorm): LayerNorm((3072,), eps=1e-05, elementwise_affine=True)
        (fc1): Linear(in_features=768, out_features=3072, bias=True)
        (fc2): Linear(in_features=3072, out_features=768, bias=True)
        (final_layer_norm): LayerNorm((768,), eps=1e-05, elementwise_affine=True)
        (drop_path): DropPath(p=0.019999999552965164)
      )
      (2): TransformerDecoderLayer(
        (dropout_module): FairseqDropout()
        (self_attn): MultiheadAttention(
          (dropout_module): FairseqDropout()
          (k_proj): Linear(in_features=768, out_features=768, bias=True)
          (v_proj): Linear(in_features=768, out_features=768, bias=True)
          (q_proj): Linear(in_features=768, out_features=768, bias=True)
          (out_proj): Linear(in_features=768, out_features=768, bias=True)
        )
        (self_attn_ln): LayerNorm((768,), eps=1e-05, elementwise_affine=True)
        (cross_attn_ln): LayerNorm((768,), eps=1e-05, elementwise_affine=True)
        (activation_dropout_module): FairseqDropout()
        (self_attn_layer_norm): LayerNorm((768,), eps=1e-05, elementwise_affine=True)
        (encoder_attn): MultiheadAttention(
          (dropout_module): FairseqDropout()
          (k_proj): Linear(in_features=768, out_features=768, bias=True)
          (v_proj): Linear(in_features=768, out_features=768, bias=True)
          (q_proj): Linear(in_features=768, out_features=768, bias=True)
          (out_proj): Linear(in_features=768, out_features=768, bias=True)
        )
        (encoder_attn_layer_norm): LayerNorm((768,), eps=1e-05, elementwise_affine=True)
        (ffn_layernorm): LayerNorm((3072,), eps=1e-05, elementwise_affine=True)
        (fc1): Linear(in_features=768, out_features=3072, bias=True)
        (fc2): Linear(in_features=3072, out_features=768, bias=True)
        (final_layer_norm): LayerNorm((768,), eps=1e-05, elementwise_affine=True)
        (drop_path): DropPath(p=0.03999999910593033)
      )
      (3): TransformerDecoderLayer(
        (dropout_module): FairseqDropout()
        (self_attn): MultiheadAttention(
          (dropout_module): FairseqDropout()
          (k_proj): Linear(in_features=768, out_features=768, bias=True)
          (v_proj): Linear(in_features=768, out_features=768, bias=True)
          (q_proj): Linear(in_features=768, out_features=768, bias=True)
          (out_proj): Linear(in_features=768, out_features=768, bias=True)
        )
        (self_attn_ln): LayerNorm((768,), eps=1e-05, elementwise_affine=True)
        (cross_attn_ln): LayerNorm((768,), eps=1e-05, elementwise_affine=True)
        (activation_dropout_module): FairseqDropout()
        (self_attn_layer_norm): LayerNorm((768,), eps=1e-05, elementwise_affine=True)
        (encoder_attn): MultiheadAttention(
          (dropout_module): FairseqDropout()
          (k_proj): Linear(in_features=768, out_features=768, bias=True)
          (v_proj): Linear(in_features=768, out_features=768, bias=True)
          (q_proj): Linear(in_features=768, out_features=768, bias=True)
          (out_proj): Linear(in_features=768, out_features=768, bias=True)
        )
        (encoder_attn_layer_norm): LayerNorm((768,), eps=1e-05, elementwise_affine=True)
        (ffn_layernorm): LayerNorm((3072,), eps=1e-05, elementwise_affine=True)
        (fc1): Linear(in_features=768, out_features=3072, bias=True)
        (fc2): Linear(in_features=3072, out_features=768, bias=True)
        (final_layer_norm): LayerNorm((768,), eps=1e-05, elementwise_affine=True)
        (drop_path): DropPath(p=0.06000000238418579)
      )
      (4): TransformerDecoderLayer(
        (dropout_module): FairseqDropout()
        (self_attn): MultiheadAttention(
          (dropout_module): FairseqDropout()
          (k_proj): Linear(in_features=768, out_features=768, bias=True)
          (v_proj): Linear(in_features=768, out_features=768, bias=True)
          (q_proj): Linear(in_features=768, out_features=768, bias=True)
          (out_proj): Linear(in_features=768, out_features=768, bias=True)
        )
        (self_attn_ln): LayerNorm((768,), eps=1e-05, elementwise_affine=True)
        (cross_attn_ln): LayerNorm((768,), eps=1e-05, elementwise_affine=True)
        (activation_dropout_module): FairseqDropout()
        (self_attn_layer_norm): LayerNorm((768,), eps=1e-05, elementwise_affine=True)
        (encoder_attn): MultiheadAttention(
          (dropout_module): FairseqDropout()
          (k_proj): Linear(in_features=768, out_features=768, bias=True)
          (v_proj): Linear(in_features=768, out_features=768, bias=True)
          (q_proj): Linear(in_features=768, out_features=768, bias=True)
          (out_proj): Linear(in_features=768, out_features=768, bias=True)
        )
        (encoder_attn_layer_norm): LayerNorm((768,), eps=1e-05, elementwise_affine=True)
        (ffn_layernorm): LayerNorm((3072,), eps=1e-05, elementwise_affine=True)
        (fc1): Linear(in_features=768, out_features=3072, bias=True)
        (fc2): Linear(in_features=3072, out_features=768, bias=True)
        (final_layer_norm): LayerNorm((768,), eps=1e-05, elementwise_affine=True)
        (drop_path): DropPath(p=0.07999999821186066)
      )
      (5): TransformerDecoderLayer(
        (dropout_module): FairseqDropout()
        (self_attn): MultiheadAttention(
          (dropout_module): FairseqDropout()
          (k_proj): Linear(in_features=768, out_features=768, bias=True)
          (v_proj): Linear(in_features=768, out_features=768, bias=True)
          (q_proj): Linear(in_features=768, out_features=768, bias=True)
          (out_proj): Linear(in_features=768, out_features=768, bias=True)
        )
        (self_attn_ln): LayerNorm((768,), eps=1e-05, elementwise_affine=True)
        (cross_attn_ln): LayerNorm((768,), eps=1e-05, elementwise_affine=True)
        (activation_dropout_module): FairseqDropout()
        (self_attn_layer_norm): LayerNorm((768,), eps=1e-05, elementwise_affine=True)
        (encoder_attn): MultiheadAttention(
          (dropout_module): FairseqDropout()
          (k_proj): Linear(in_features=768, out_features=768, bias=True)
          (v_proj): Linear(in_features=768, out_features=768, bias=True)
          (q_proj): Linear(in_features=768, out_features=768, bias=True)
          (out_proj): Linear(in_features=768, out_features=768, bias=True)
        )
        (encoder_attn_layer_norm): LayerNorm((768,), eps=1e-05, elementwise_affine=True)
        (ffn_layernorm): LayerNorm((3072,), eps=1e-05, elementwise_affine=True)
        (fc1): Linear(in_features=768, out_features=3072, bias=True)
        (fc2): Linear(in_features=3072, out_features=768, bias=True)
        (final_layer_norm): LayerNorm((768,), eps=1e-05, elementwise_affine=True)
        (drop_path): DropPath(p=0.10000000149011612)
      )
    )
    (layer_norm): LayerNorm((768,), eps=1e-05, elementwise_affine=True)
    (reg_head): MLP(
      (layers): ModuleList(
        (0): Linear(in_features=768, out_features=768, bias=True)
        (1): Linear(in_features=768, out_features=768, bias=True)
        (2): Linear(in_features=768, out_features=2, bias=True)
      )
    )
    (cls_head): Linear(in_features=768, out_features=3, bias=False)
    (token_rel_pos_table_list): ModuleList(
      (0): Embedding(511, 12)
      (1): Embedding(511, 12)
      (2): Embedding(511, 12)
      (3): Embedding(511, 12)
      (4): Embedding(511, 12)
      (5): Embedding(511, 12)
    )
    (image_rel_pos_table_list): ModuleList(
      (0): Embedding(6892, 12)
      (1): Embedding(6892, 12)
      (2): Embedding(6892, 12)
      (3): Embedding(6892, 12)
      (4): Embedding(6892, 12)
      (5): Embedding(6892, 12)
    )
  )
  (classification_heads): ModuleDict()
)
2025-01-27 21:07:43 - train.py[line:102] - INFO: task: RefcocoTask
2025-01-27 21:07:43 - train.py[line:103] - INFO: model: PolyFormerModel
2025-01-27 21:07:43 - train.py[line:104] - INFO: criterion: AdjustLabelSmoothedCrossEntropyCriterion
2025-01-27 21:07:43 - train.py[line:108] - INFO: num. shared model params: 478,547,732 (num. trained: 478,547,732)
2025-01-27 21:07:43 - train.py[line:115] - INFO: num. expert model params: 0 (num. trained: 0)
local datafile ../../datasets/finetune/aihub_manufact/aihub_manufact_val.tsv slice_id 0 begin to initialize row_count and line_idx-to-offset mapping
local datafile ../../datasets/finetune/aihub_manufact/aihub_manufact_val.tsv slice_id 0 finished initializing row_count and line_idx-to-offset mapping
file ../../datasets/finetune/aihub_manufact/aihub_manufact_val.tsv slice_id 0 row count 250 total row count 500
local datafile ../../datasets/finetune/aihub_manufact/aihub_manufact_val.tsv slice_id 1 begin to initialize row_count and line_idx-to-offset mapping
local datafile ../../datasets/finetune/aihub_manufact/aihub_manufact_val.tsv slice_id 1 finished initializing row_count and line_idx-to-offset mapping
file ../../datasets/finetune/aihub_manufact/aihub_manufact_val.tsv slice_id 1 row count 250 total row count 500
2025-01-27 21:07:44 - distributed_c10d.py[line:319] - INFO: Added key: store_based_barrier_key:2 to store for rank: 0
2025-01-27 21:07:45 - distributed_c10d.py[line:354] - INFO: Rank 0: Completed store-based barrier for key:store_based_barrier_key:2 with 2 nodes.
2025-01-27 21:07:45 - trainer.py[line:124] - INFO: detected shared parameter: encoder.embed_tokens.weight <- decoder.embed_tokens.weight
2025-01-27 21:07:45 - trainer.py[line:124] - INFO: detected shared parameter: encoder.embed_images.layers.0.downsample.reduction.bias <- encoder.embed_images.layers.1.downsample.reduction.bias
2025-01-27 21:07:45 - trainer.py[line:124] - INFO: detected shared parameter: encoder.embed_images.layers.0.downsample.reduction.bias <- encoder.embed_images.layers.2.downsample.reduction.bias
2025-01-27 21:07:45 - trainer.py[line:124] - INFO: detected shared parameter: encoder.embed_images.layers.0.downsample.reduction.bias <- decoder.cls_head.bias
2025-01-27 21:07:45 - trainer.py[line:124] - INFO: detected shared parameter: encoder.bert.roberta.embeddings.word_embeddings.weight <- encoder.bert.lm_head.decoder.weight
2025-01-27 21:07:45 - trainer.py[line:124] - INFO: detected shared parameter: encoder.bert.lm_head.bias <- encoder.bert.lm_head.decoder.bias
2025-01-27 21:07:45 - utils.py[line:759] - INFO: ***********************CUDA enviroments for all 2 workers***********************
2025-01-27 21:07:45 - utils.py[line:765] - INFO: rank   0: capabilities =  8.6  ; total memory = 23.691 GB ; name = NVIDIA GeForce RTX 3090                 
2025-01-27 21:07:45 - utils.py[line:765] - INFO: rank   1: capabilities =  8.6  ; total memory = 23.691 GB ; name = NVIDIA GeForce RTX 3090                 
2025-01-27 21:07:45 - utils.py[line:767] - INFO: ***********************CUDA enviroments for all 2 workers***********************
2025-01-27 21:07:45 - train.py[line:145] - INFO: training on 2 devices (GPUs/TPUs)
2025-01-27 21:07:45 - train.py[line:151] - INFO: max tokens per device = None and max sentences per device = 8
2025-01-27 21:07:45 - trainer.py[line:458] - INFO: Preparing to load checkpoint ../finetune/polyformer_b_aihub_manufact_80_uniq_logs/checkpoint_best.pt
2025-01-27 21:07:54 - trainer.py[line:619] - INFO: Loaded checkpoint ../finetune/polyformer_b_aihub_manufact_80_uniq_logs/checkpoint_best.pt (epoch 101 @ 0 updates)
2025-01-27 21:07:54 - trainer.py[line:639] - INFO: loading train data for epoch 1
local datafile ../../datasets/finetune/aihub_manufact/aihub_manufact_train.tsv slice_id 0 begin to initialize row_count and line_idx-to-offset mapping
local datafile ../../datasets/finetune/aihub_manufact/aihub_manufact_train.tsv slice_id 1 begin to initialize row_count and line_idx-to-offset mapping
local datafile ../../datasets/finetune/aihub_manufact/aihub_manufact_train.tsv slice_id 0 finished initializing row_count and line_idx-to-offset mapping
file ../../datasets/finetune/aihub_manufact/aihub_manufact_train.tsv slice_id 0 row count 1988 total row count 3975
local datafile ../../datasets/finetune/aihub_manufact/aihub_manufact_train.tsv slice_id 1 finished initializing row_count and line_idx-to-offset mapping
file ../../datasets/finetune/aihub_manufact/aihub_manufact_train.tsv slice_id 1 row count 1987 total row count 3975
/home/sangbeom_lee/anaconda3/envs/polyformer/lib/python3.7/site-packages/torchvision/transforms/functional.py:443: UserWarning: Argument 'interpolation' of type int is deprecated since 0.13 and will be removed in 0.15. Please use InterpolationMode enum.
  "Argument 'interpolation' of type int is deprecated since 0.13 and will be removed in 0.15. "
/home/sangbeom_lee/anaconda3/envs/polyformer/lib/python3.7/site-packages/torchvision/transforms/functional.py:443: UserWarning: Argument 'interpolation' of type int is deprecated since 0.13 and will be removed in 0.15. Please use InterpolationMode enum.
  "Argument 'interpolation' of type int is deprecated since 0.13 and will be removed in 0.15. "
slice_id 0 seek offset 0
Total steps 3200, warmup steps 192, warmup_factor 0.005208333333333333
2025-01-27 21:07:57 - trainer.py[line:703] - INFO: begin training epoch 1
2025-01-27 21:07:57 - train.py[line:297] - INFO: Start iterating over samples
slice_id 1 seek offset 1988
Total steps 3200, warmup steps 192, warmup_factor 0.005208333333333333
/home/sangbeom_lee/anaconda3/envs/polyformer/lib/python3.7/site-packages/torch/nn/functional.py:1967: UserWarning: nn.functional.sigmoid is deprecated. Use torch.sigmoid instead.
  warnings.warn("nn.functional.sigmoid is deprecated. Use torch.sigmoid instead.")
/home/sangbeom_lee/anaconda3/envs/polyformer/lib/python3.7/site-packages/torch/nn/functional.py:1967: UserWarning: nn.functional.sigmoid is deprecated. Use torch.sigmoid instead.
  warnings.warn("nn.functional.sigmoid is deprecated. Use torch.sigmoid instead.")
loss_reg: 0.016814391623251795 loss_cls: 0.0044736540876328945
loss_reg: 0.014364341195929851 loss_cls: 0.0047984947450459
loss_reg: 0.014516075965812933 loss_cls: 0.0040356977842748165
loss_reg: 0.01725509999874021 loss_cls: 0.004847411997616291
loss_reg: 0.016865956769863605 loss_cls: 0.002847823081538081
loss_reg: 0.02038904251181385 loss_cls: 0.003525320440530777
loss_reg: 0.011016753761298324 loss_cls: 0.004360823426395655
loss_reg: 0.012243133738922538 loss_cls: 0.0035292308311909437
loss_reg: 0.01727824262973738 loss_cls: 0.0032016346231102943
loss_reg: 0.007527927810391046 loss_cls: 0.00284156808629632
loss_reg: 0.011765208769095734 loss_cls: 0.003039582399651408
loss_reg: 0.012007456920748127 loss_cls: 0.0034641462843865156
loss_reg: 0.012228270155257293 loss_cls: 0.0036484962329268456
loss_reg: 0.00701198933001575 loss_cls: 0.002974060131236911
loss_reg: 0.011459270702430942 loss_cls: 0.004664364270865917
loss_reg: 0.016041826265920392 loss_cls: 0.005078776739537716
2025-01-27 21:08:31 - progress_bar.py[line:274] - INFO: epoch 001:     10 / 32 loss=0.002, loss_v1=0, loss_v2=0, nll_loss=2.948, ntokens=2089, nsentences=128, sample_size=128, sample_size_v1=0, sample_size_v2=0, ppl=7.72, wps=710.2, ups=0.34, wpb=2089, bsz=128, num_updates=10, lr=2.60417e-06, gnorm=0.019, clip=0, loss_scale=128, train_wall=31, gb_free=5.7, wall=46
Traceback (most recent call last):
  File "../../train.py", line 543, in <module>
Traceback (most recent call last):
  File "../../train.py", line 543, in <module>
    cli_main()
  File "../../train.py", line 536, in cli_main
WARNING:torch.distributed.elastic.agent.server.api:Received 2 death signal, shutting down workers
    distributed_utils.call_main(cfg, main)WARNING:torch.distributed.elastic.multiprocessing.api:Sending process 1322204 closing signal SIGINT

  File "/SSDe/sangbeom_lee/aihub_final/AIHub-polygon-transformer/src/fairseq/fairseq/fairseq/distributed/utils.py", line 374, in call_main
  File "/SSDe/sangbeom_lee/aihub_final/AIHub-polygon-transformer/src/fairseq/fairseq/fairseq/distributed/utils.py", line 348, in distributed_main
WARNING:torch.distributed.elastic.multiprocessing.api:Sending process 1322205 closing signal SIGINT
    main(cfg, **kwargs)
  File "../../train.py", line 190, in main
    valid_losses, should_stop = train(cfg, trainer, task, epoch_itr)
  File "/home/sangbeom_lee/anaconda3/envs/polyformer/lib/python3.7/contextlib.py", line 74, in inner
    return func(*args, **kwds)
  File "../../train.py", line 302, in train
    log_output = trainer.train_step(samples)
  File "/home/sangbeom_lee/anaconda3/envs/polyformer/lib/python3.7/contextlib.py", line 74, in inner
    return func(*args, **kwds)
  File "/SSDe/sangbeom_lee/aihub_final/AIHub-polygon-transformer/trainer.py", line 780, in train_step
    **extra_kwargs,
  File "/SSDe/sangbeom_lee/aihub_final/AIHub-polygon-transformer/tasks/base_task.py", line 275, in train_step
    loss, sample_size, logging_output = criterion(model, sample, update_num=update_num)
  File "/home/sangbeom_lee/anaconda3/envs/polyformer/lib/python3.7/site-packages/torch/nn/modules/module.py", line 1194, in _call_impl
    return forward_call(*input, **kwargs)
  File "/SSDe/sangbeom_lee/aihub_final/AIHub-polygon-transformer/criterions/label_smoothed_cross_entropy.py", line 220, in forward
    net_output = model(**sample["net_input"])  File "../../train.py", line 536, in cli_main

  File "/home/sangbeom_lee/anaconda3/envs/polyformer/lib/python3.7/site-packages/torch/nn/modules/module.py", line 1194, in _call_impl
    return forward_call(*input, **kwargs)
  File "/SSDe/sangbeom_lee/aihub_final/AIHub-polygon-transformer/src/fairseq/fairseq/fairseq/distributed/module_proxy_wrapper.py", line 55, in forward
    distributed_utils.call_main(cfg, main)
  File "/SSDe/sangbeom_lee/aihub_final/AIHub-polygon-transformer/src/fairseq/fairseq/fairseq/distributed/utils.py", line 374, in call_main
    return self.module(*args, **kwargs)
  File "/home/sangbeom_lee/anaconda3/envs/polyformer/lib/python3.7/site-packages/torch/nn/modules/module.py", line 1194, in _call_impl
    distributed_main(cfg.distributed_training.device_id, main, cfg, kwargs)
  File "/SSDe/sangbeom_lee/aihub_final/AIHub-polygon-transformer/src/fairseq/fairseq/fairseq/distributed/utils.py", line 348, in distributed_main
    return forward_call(*input, **kwargs)
      File "/home/sangbeom_lee/anaconda3/envs/polyformer/lib/python3.7/site-packages/torch/nn/parallel/distributed.py", line 1040, in forward
main(cfg, **kwargs)
  File "../../train.py", line 190, in main
    valid_losses, should_stop = train(cfg, trainer, task, epoch_itr)
  File "/home/sangbeom_lee/anaconda3/envs/polyformer/lib/python3.7/contextlib.py", line 74, in inner
    return func(*args, **kwds)
  File "../../train.py", line 302, in train
    output = self._run_ddp_forward(*inputs, **kwargs)
  File "/home/sangbeom_lee/anaconda3/envs/polyformer/lib/python3.7/site-packages/torch/nn/parallel/distributed.py", line 1000, in _run_ddp_forward
    log_output = trainer.train_step(samples)
  File "/home/sangbeom_lee/anaconda3/envs/polyformer/lib/python3.7/contextlib.py", line 74, in inner
    return func(*args, **kwds)
      File "/SSDe/sangbeom_lee/aihub_final/AIHub-polygon-transformer/trainer.py", line 780, in train_step
return module_to_run(*inputs[0], **kwargs[0])
  File "/home/sangbeom_lee/anaconda3/envs/polyformer/lib/python3.7/site-packages/torch/nn/modules/module.py", line 1194, in _call_impl
    **extra_kwargs,
  File "/SSDe/sangbeom_lee/aihub_final/AIHub-polygon-transformer/tasks/base_task.py", line 271, in train_step
    return forward_call(*input, **kwargs)
  File "/SSDe/sangbeom_lee/aihub_final/AIHub-polygon-transformer/models/polyformer/polyformer.py", line 108, in forward
    sample_patch_num=sample_patch_num
  File "/home/sangbeom_lee/anaconda3/envs/polyformer/lib/python3.7/site-packages/torch/nn/modules/module.py", line 1194, in _call_impl
    model.train()
  File "/home/sangbeom_lee/anaconda3/envs/polyformer/lib/python3.7/site-packages/torch/nn/modules/module.py", line 1911, in train
    return forward_call(*input, **kwargs)
  File "/SSDe/sangbeom_lee/aihub_final/AIHub-polygon-transformer/models/polyformer/unify_transformer.py", line 692, in forward
    sample_patch_num)
  File "/SSDe/sangbeom_lee/aihub_final/AIHub-polygon-transformer/models/polyformer/unify_transformer.py", line 736, in forward_scriptable
    module.train(mode)
  File "/home/sangbeom_lee/anaconda3/envs/polyformer/lib/python3.7/site-packages/torch/nn/parallel/distributed.py", line 1115, in train
    self.get_patch_images_info(patch_images, sample_patch_num, src_tokens.device)
  File "/SSDe/sangbeom_lee/aihub_final/AIHub-polygon-transformer/models/polyformer/unify_transformer.py", line 581, in get_patch_images_info
    image_embed = self.embed_images(patch_images)
  File "/home/sangbeom_lee/anaconda3/envs/polyformer/lib/python3.7/site-packages/torch/nn/modules/module.py", line 1194, in _call_impl
    super(DistributedDataParallel, self).train(mode)
  File "/home/sangbeom_lee/anaconda3/envs/polyformer/lib/python3.7/site-packages/torch/nn/modules/module.py", line 1911, in train
    return forward_call(*input, **kwargs)
  File "/SSDe/sangbeom_lee/aihub_final/AIHub-polygon-transformer/models/polyformer/swin.py", line 750, in forward
    module.train(mode)
  File "/home/sangbeom_lee/anaconda3/envs/polyformer/lib/python3.7/site-packages/torch/nn/modules/module.py", line 1911, in train
    x_out, H, W, x, Wh, Ww = layer(x, Wh, Ww)
  File "/home/sangbeom_lee/anaconda3/envs/polyformer/lib/python3.7/site-packages/torch/nn/modules/module.py", line 1194, in _call_impl
    return forward_call(*input, **kwargs)
  File "/SSDe/sangbeom_lee/aihub_final/AIHub-polygon-transformer/models/polyformer/swin.py", line 538, in forward
    x = blk(x, attn_mask)
  File "/home/sangbeom_lee/anaconda3/envs/polyformer/lib/python3.7/site-packages/torch/nn/modules/module.py", line 1194, in _call_impl
    return forward_call(*input, **kwargs)
  File "/SSDe/sangbeom_lee/aihub_final/AIHub-polygon-transformer/models/polyformer/swin.py", line 380, in forward
    shifted_x = window_reverse(attn_windows, self.window_size, Hp, Wp)  # B H' W' C
  File "/SSDe/sangbeom_lee/aihub_final/AIHub-polygon-transformer/models/polyformer/swin.py", line 211, in window_reverse
    x = x.permute(0, 1, 3, 2, 4, 5).contiguous().view(B, H, W, -1)
KeyboardInterrupt
    module.train(mode)
  File "/SSDe/sangbeom_lee/aihub_final/AIHub-polygon-transformer/models/polyformer/unify_transformer.py", line 537, in train
    super(TransformerEncoder, self).train(mode)
  File "/home/sangbeom_lee/anaconda3/envs/polyformer/lib/python3.7/site-packages/torch/nn/modules/module.py", line 1911, in train
    module.train(mode)
  File "/home/sangbeom_lee/anaconda3/envs/polyformer/lib/python3.7/site-packages/torch/nn/modules/module.py", line 1911, in train
    module.train(mode)
  File "/home/sangbeom_lee/anaconda3/envs/polyformer/lib/python3.7/site-packages/torch/nn/modules/module.py", line 1911, in train
    module.train(mode)
  [Previous line repeated 5 more times]
  File "/home/sangbeom_lee/anaconda3/envs/polyformer/lib/python3.7/site-packages/torch/nn/modules/module.py", line 1909, in train
    self.training = mode
  File "/home/sangbeom_lee/anaconda3/envs/polyformer/lib/python3.7/site-packages/torch/nn/modules/module.py", line 1281, in __setattr__
    params = self.__dict__.get('_parameters')
KeyboardInterrupt
terminate called without an active exception
WARNING:torch.distributed.elastic.multiprocessing.api:Sending process 1322204 closing signal SIGTERM
WARNING:torch.distributed.elastic.multiprocessing.api:Sending process 1322205 closing signal SIGTERM
Traceback (most recent call last):
  File "/home/sangbeom_lee/anaconda3/envs/polyformer/lib/python3.7/site-packages/torch/distributed/elastic/agent/server/api.py", line 709, in run
    result = self._invoke_run(role)
  File "/home/sangbeom_lee/anaconda3/envs/polyformer/lib/python3.7/site-packages/torch/distributed/elastic/agent/server/api.py", line 850, in _invoke_run
    time.sleep(monitor_interval)
  File "/home/sangbeom_lee/anaconda3/envs/polyformer/lib/python3.7/site-packages/torch/distributed/elastic/multiprocessing/api.py", line 62, in _terminate_process_handler
    raise SignalException(f"Process {os.getpid()} got signal: {sigval}", sigval=sigval)
torch.distributed.elastic.multiprocessing.api.SignalException: Process 1321911 got signal: 2

During handling of the above exception, another exception occurred:

Traceback (most recent call last):
  File "/home/sangbeom_lee/anaconda3/envs/polyformer/lib/python3.7/site-packages/torch/distributed/elastic/agent/server/api.py", line 716, in run
    self._shutdown(e.sigval)
  File "/home/sangbeom_lee/anaconda3/envs/polyformer/lib/python3.7/site-packages/torch/distributed/elastic/agent/server/local_elastic_agent.py", line 289, in _shutdown
    self._pcontext.close(death_sig)
  File "/home/sangbeom_lee/anaconda3/envs/polyformer/lib/python3.7/site-packages/torch/distributed/elastic/multiprocessing/api.py", line 332, in close
    self._close(death_sig=death_sig, timeout=timeout)
  File "/home/sangbeom_lee/anaconda3/envs/polyformer/lib/python3.7/site-packages/torch/distributed/elastic/multiprocessing/api.py", line 709, in _close
    handler.proc.wait(time_to_wait)
  File "/home/sangbeom_lee/anaconda3/envs/polyformer/lib/python3.7/subprocess.py", line 1019, in wait
    return self._wait(timeout=timeout)
  File "/home/sangbeom_lee/anaconda3/envs/polyformer/lib/python3.7/subprocess.py", line 1647, in _wait
    time.sleep(delay)
  File "/home/sangbeom_lee/anaconda3/envs/polyformer/lib/python3.7/site-packages/torch/distributed/elastic/multiprocessing/api.py", line 62, in _terminate_process_handler
    raise SignalException(f"Process {os.getpid()} got signal: {sigval}", sigval=sigval)
torch.distributed.elastic.multiprocessing.api.SignalException: Process 1321911 got signal: 2

During handling of the above exception, another exception occurred:

Traceback (most recent call last):
  File "/home/sangbeom_lee/anaconda3/envs/polyformer/lib/python3.7/runpy.py", line 193, in _run_module_as_main
    "__main__", mod_spec)
  File "/home/sangbeom_lee/anaconda3/envs/polyformer/lib/python3.7/runpy.py", line 85, in _run_code
    exec(code, run_globals)
  File "/home/sangbeom_lee/anaconda3/envs/polyformer/lib/python3.7/site-packages/torch/distributed/launch.py", line 195, in <module>
    main()
  File "/home/sangbeom_lee/anaconda3/envs/polyformer/lib/python3.7/site-packages/torch/distributed/launch.py", line 191, in main
    launch(args)
  File "/home/sangbeom_lee/anaconda3/envs/polyformer/lib/python3.7/site-packages/torch/distributed/launch.py", line 176, in launch
    run(args)
  File "/home/sangbeom_lee/anaconda3/envs/polyformer/lib/python3.7/site-packages/torch/distributed/run.py", line 756, in run
    )(*cmd_args)
  File "/home/sangbeom_lee/anaconda3/envs/polyformer/lib/python3.7/site-packages/torch/distributed/launcher/api.py", line 132, in __call__
    return launch_agent(self._config, self._entrypoint, list(args))
  File "/home/sangbeom_lee/anaconda3/envs/polyformer/lib/python3.7/site-packages/torch/distributed/launcher/api.py", line 237, in launch_agent
    result = agent.run()
  File "/home/sangbeom_lee/anaconda3/envs/polyformer/lib/python3.7/site-packages/torch/distributed/elastic/metrics/api.py", line 129, in wrapper
    result = f(*args, **kwargs)
  File "/home/sangbeom_lee/anaconda3/envs/polyformer/lib/python3.7/site-packages/torch/distributed/elastic/agent/server/api.py", line 721, in run
    self._shutdown()
  File "/home/sangbeom_lee/anaconda3/envs/polyformer/lib/python3.7/site-packages/torch/distributed/elastic/agent/server/local_elastic_agent.py", line 289, in _shutdown
    self._pcontext.close(death_sig)
  File "/home/sangbeom_lee/anaconda3/envs/polyformer/lib/python3.7/site-packages/torch/distributed/elastic/multiprocessing/api.py", line 332, in close
    self._close(death_sig=death_sig, timeout=timeout)
  File "/home/sangbeom_lee/anaconda3/envs/polyformer/lib/python3.7/site-packages/torch/distributed/elastic/multiprocessing/api.py", line 709, in _close
    handler.proc.wait(time_to_wait)
  File "/home/sangbeom_lee/anaconda3/envs/polyformer/lib/python3.7/subprocess.py", line 1019, in wait
    return self._wait(timeout=timeout)
  File "/home/sangbeom_lee/anaconda3/envs/polyformer/lib/python3.7/subprocess.py", line 1647, in _wait
    time.sleep(delay)
  File "/home/sangbeom_lee/anaconda3/envs/polyformer/lib/python3.7/site-packages/torch/distributed/elastic/multiprocessing/api.py", line 62, in _terminate_process_handler
    raise SignalException(f"Process {os.getpid()} got signal: {sigval}", sigval=sigval)
torch.distributed.elastic.multiprocessing.api.SignalException: Process 1321911 got signal: 2
